<?xml version="1.0" encoding="UTF-8"?>
<testsuite xmlns:xsi="http://www.w3.org/2001/XMLSchema-instance" xsi:noNamespaceSchemaLocation="https://maven.apache.org/surefire/maven-surefire-plugin/xsd/surefire-test-report.xsd" name="TestSuite" time="0.476" tests="2" errors="0" skipped="0" failures="0">
  <properties>
    <property name="java.specification.version" value="19"/>
    <property name="sun.jnu.encoding" value="UTF-8"/>
    <property name="java.class.path" value="/Users/anusuyaselvaraj/git/Selenium-Squad/target/test-classes:/Users/anusuyaselvaraj/git/Selenium-Squad/target/classes:/Users/anusuyaselvaraj/.m2/repository/org/seleniumhq/selenium/selenium-java/4.16.1/selenium-java-4.16.1.jar:/Users/anusuyaselvaraj/.m2/repository/org/seleniumhq/selenium/selenium-api/4.16.1/selenium-api-4.16.1.jar:/Users/anusuyaselvaraj/.m2/repository/org/seleniumhq/selenium/selenium-chrome-driver/4.16.1/selenium-chrome-driver-4.16.1.jar:/Users/anusuyaselvaraj/.m2/repository/com/google/auto/service/auto-service-annotations/1.1.1/auto-service-annotations-1.1.1.jar:/Users/anusuyaselvaraj/.m2/repository/org/seleniumhq/selenium/selenium-chromium-driver/4.16.1/selenium-chromium-driver-4.16.1.jar:/Users/anusuyaselvaraj/.m2/repository/org/seleniumhq/selenium/selenium-json/4.16.1/selenium-json-4.16.1.jar:/Users/anusuyaselvaraj/.m2/repository/org/seleniumhq/selenium/selenium-manager/4.16.1/selenium-manager-4.16.1.jar:/Users/anusuyaselvaraj/.m2/repository/org/seleniumhq/selenium/selenium-devtools-v118/4.16.1/selenium-devtools-v118-4.16.1.jar:/Users/anusuyaselvaraj/.m2/repository/org/seleniumhq/selenium/selenium-devtools-v119/4.16.1/selenium-devtools-v119-4.16.1.jar:/Users/anusuyaselvaraj/.m2/repository/org/seleniumhq/selenium/selenium-devtools-v120/4.16.1/selenium-devtools-v120-4.16.1.jar:/Users/anusuyaselvaraj/.m2/repository/org/seleniumhq/selenium/selenium-devtools-v85/4.16.1/selenium-devtools-v85-4.16.1.jar:/Users/anusuyaselvaraj/.m2/repository/org/seleniumhq/selenium/selenium-edge-driver/4.16.1/selenium-edge-driver-4.16.1.jar:/Users/anusuyaselvaraj/.m2/repository/org/seleniumhq/selenium/selenium-firefox-driver/4.16.1/selenium-firefox-driver-4.16.1.jar:/Users/anusuyaselvaraj/.m2/repository/org/seleniumhq/selenium/selenium-http/4.16.1/selenium-http-4.16.1.jar:/Users/anusuyaselvaraj/.m2/repository/dev/failsafe/failsafe/3.3.2/failsafe-3.3.2.jar:/Users/anusuyaselvaraj/.m2/repository/org/seleniumhq/selenium/selenium-ie-driver/4.16.1/selenium-ie-driver-4.16.1.jar:/Users/anusuyaselvaraj/.m2/repository/org/seleniumhq/selenium/selenium-remote-driver/4.16.1/selenium-remote-driver-4.16.1.jar:/Users/anusuyaselvaraj/.m2/repository/com/google/guava/guava/32.1.2-jre/guava-32.1.2-jre.jar:/Users/anusuyaselvaraj/.m2/repository/com/google/guava/failureaccess/1.0.1/failureaccess-1.0.1.jar:/Users/anusuyaselvaraj/.m2/repository/com/google/guava/listenablefuture/9999.0-empty-to-avoid-conflict-with-guava/listenablefuture-9999.0-empty-to-avoid-conflict-with-guava.jar:/Users/anusuyaselvaraj/.m2/repository/com/google/code/findbugs/jsr305/3.0.2/jsr305-3.0.2.jar:/Users/anusuyaselvaraj/.m2/repository/org/checkerframework/checker-qual/3.33.0/checker-qual-3.33.0.jar:/Users/anusuyaselvaraj/.m2/repository/com/google/errorprone/error_prone_annotations/2.18.0/error_prone_annotations-2.18.0.jar:/Users/anusuyaselvaraj/.m2/repository/com/google/j2objc/j2objc-annotations/2.8/j2objc-annotations-2.8.jar:/Users/anusuyaselvaraj/.m2/repository/io/opentelemetry/opentelemetry-api/1.28.0/opentelemetry-api-1.28.0.jar:/Users/anusuyaselvaraj/.m2/repository/io/opentelemetry/opentelemetry-context/1.28.0/opentelemetry-context-1.28.0.jar:/Users/anusuyaselvaraj/.m2/repository/io/opentelemetry/opentelemetry-exporter-logging/1.28.0/opentelemetry-exporter-logging-1.28.0.jar:/Users/anusuyaselvaraj/.m2/repository/io/opentelemetry/opentelemetry-sdk-metrics/1.28.0/opentelemetry-sdk-metrics-1.28.0.jar:/Users/anusuyaselvaraj/.m2/repository/io/opentelemetry/opentelemetry-extension-incubator/1.28.0-alpha/opentelemetry-extension-incubator-1.28.0-alpha.jar:/Users/anusuyaselvaraj/.m2/repository/io/opentelemetry/opentelemetry-sdk-logs/1.28.0/opentelemetry-sdk-logs-1.28.0.jar:/Users/anusuyaselvaraj/.m2/repository/io/opentelemetry/opentelemetry-sdk-common/1.28.0/opentelemetry-sdk-common-1.28.0.jar:/Users/anusuyaselvaraj/.m2/repository/io/opentelemetry/opentelemetry-sdk-extension-autoconfigure-spi/1.28.0/opentelemetry-sdk-extension-autoconfigure-spi-1.28.0.jar:/Users/anusuyaselvaraj/.m2/repository/io/opentelemetry/opentelemetry-sdk-extension-autoconfigure/1.28.0/opentelemetry-sdk-extension-autoconfigure-1.28.0.jar:/Users/anusuyaselvaraj/.m2/repository/io/opentelemetry/opentelemetry-api-events/1.28.0-alpha/opentelemetry-api-events-1.28.0-alpha.jar:/Users/anusuyaselvaraj/.m2/repository/io/opentelemetry/opentelemetry-sdk-trace/1.28.0/opentelemetry-sdk-trace-1.28.0.jar:/Users/anusuyaselvaraj/.m2/repository/io/opentelemetry/opentelemetry-sdk/1.28.0/opentelemetry-sdk-1.28.0.jar:/Users/anusuyaselvaraj/.m2/repository/io/opentelemetry/opentelemetry-semconv/1.28.0-alpha/opentelemetry-semconv-1.28.0-alpha.jar:/Users/anusuyaselvaraj/.m2/repository/net/bytebuddy/byte-buddy/1.14.5/byte-buddy-1.14.5.jar:/Users/anusuyaselvaraj/.m2/repository/org/seleniumhq/selenium/selenium-os/4.16.1/selenium-os-4.16.1.jar:/Users/anusuyaselvaraj/.m2/repository/org/seleniumhq/selenium/selenium-safari-driver/4.16.1/selenium-safari-driver-4.16.1.jar:/Users/anusuyaselvaraj/.m2/repository/org/seleniumhq/selenium/selenium-support/4.16.1/selenium-support-4.16.1.jar:/Users/anusuyaselvaraj/.m2/repository/org/apache/logging/log4j/log4j-core/2.22.0/log4j-core-2.22.0.jar:/Users/anusuyaselvaraj/.m2/repository/org/apache/logging/log4j/log4j-api/2.22.0/log4j-api-2.22.0.jar:/Users/anusuyaselvaraj/.m2/repository/io/cucumber/cucumber-java/7.14.0/cucumber-java-7.14.0.jar:/Users/anusuyaselvaraj/.m2/repository/io/cucumber/cucumber-core/7.14.0/cucumber-core-7.14.0.jar:/Users/anusuyaselvaraj/.m2/repository/io/cucumber/cucumber-gherkin/7.14.0/cucumber-gherkin-7.14.0.jar:/Users/anusuyaselvaraj/.m2/repository/io/cucumber/cucumber-gherkin-messages/7.14.0/cucumber-gherkin-messages-7.14.0.jar:/Users/anusuyaselvaraj/.m2/repository/io/cucumber/messages/22.0.0/messages-22.0.0.jar:/Users/anusuyaselvaraj/.m2/repository/io/cucumber/tag-expressions/5.0.6/tag-expressions-5.0.6.jar:/Users/anusuyaselvaraj/.m2/repository/io/cucumber/cucumber-expressions/16.1.2/cucumber-expressions-16.1.2.jar:/Users/anusuyaselvaraj/.m2/repository/io/cucumber/datatable/7.14.0/datatable-7.14.0.jar:/Users/anusuyaselvaraj/.m2/repository/io/cucumber/cucumber-plugin/7.14.0/cucumber-plugin-7.14.0.jar:/Users/anusuyaselvaraj/.m2/repository/io/cucumber/docstring/7.14.0/docstring-7.14.0.jar:/Users/anusuyaselvaraj/.m2/repository/io/cucumber/html-formatter/20.4.0/html-formatter-20.4.0.jar:/Users/anusuyaselvaraj/.m2/repository/io/cucumber/junit-xml-formatter/0.2.0/junit-xml-formatter-0.2.0.jar:/Users/anusuyaselvaraj/.m2/repository/io/cucumber/ci-environment/9.2.0/ci-environment-9.2.0.jar:/Users/anusuyaselvaraj/.m2/repository/org/apiguardian/apiguardian-api/1.1.2/apiguardian-api-1.1.2.jar:/Users/anusuyaselvaraj/.m2/repository/io/cucumber/cucumber-testng/7.14.0/cucumber-testng-7.14.0.jar:/Users/anusuyaselvaraj/.m2/repository/io/cucumber/cucumber-junit/7.14.0/cucumber-junit-7.14.0.jar:/Users/anusuyaselvaraj/.m2/repository/org/apache/poi/poi/5.2.5/poi-5.2.5.jar:/Users/anusuyaselvaraj/.m2/repository/commons-codec/commons-codec/1.16.0/commons-codec-1.16.0.jar:/Users/anusuyaselvaraj/.m2/repository/org/apache/commons/commons-collections4/4.4/commons-collections4-4.4.jar:/Users/anusuyaselvaraj/.m2/repository/org/apache/commons/commons-math3/3.6.1/commons-math3-3.6.1.jar:/Users/anusuyaselvaraj/.m2/repository/commons-io/commons-io/2.15.0/commons-io-2.15.0.jar:/Users/anusuyaselvaraj/.m2/repository/com/zaxxer/SparseBitSet/1.3/SparseBitSet-1.3.jar:/Users/anusuyaselvaraj/.m2/repository/org/apache/poi/poi-ooxml/5.2.5/poi-ooxml-5.2.5.jar:/Users/anusuyaselvaraj/.m2/repository/org/apache/poi/poi-ooxml-lite/5.2.5/poi-ooxml-lite-5.2.5.jar:/Users/anusuyaselvaraj/.m2/repository/org/apache/xmlbeans/xmlbeans/5.2.0/xmlbeans-5.2.0.jar:/Users/anusuyaselvaraj/.m2/repository/org/apache/commons/commons-compress/1.25.0/commons-compress-1.25.0.jar:/Users/anusuyaselvaraj/.m2/repository/com/github/virtuald/curvesapi/1.08/curvesapi-1.08.jar:/Users/anusuyaselvaraj/.m2/repository/io/github/bonigarcia/webdrivermanager/5.6.2/webdrivermanager-5.6.2.jar:/Users/anusuyaselvaraj/.m2/repository/org/slf4j/slf4j-api/2.0.9/slf4j-api-2.0.9.jar:/Users/anusuyaselvaraj/.m2/repository/com/google/code/gson/gson/2.10.1/gson-2.10.1.jar:/Users/anusuyaselvaraj/.m2/repository/com/github/docker-java/docker-java/3.3.4/docker-java-3.3.4.jar:/Users/anusuyaselvaraj/.m2/repository/com/github/docker-java/docker-java-core/3.3.4/docker-java-core-3.3.4.jar:/Users/anusuyaselvaraj/.m2/repository/com/github/docker-java/docker-java-api/3.3.4/docker-java-api-3.3.4.jar:/Users/anusuyaselvaraj/.m2/repository/org/bouncycastle/bcpkix-jdk18on/1.76/bcpkix-jdk18on-1.76.jar:/Users/anusuyaselvaraj/.m2/repository/org/bouncycastle/bcprov-jdk18on/1.76/bcprov-jdk18on-1.76.jar:/Users/anusuyaselvaraj/.m2/repository/org/bouncycastle/bcutil-jdk18on/1.76/bcutil-jdk18on-1.76.jar:/Users/anusuyaselvaraj/.m2/repository/org/slf4j/jcl-over-slf4j/1.7.30/jcl-over-slf4j-1.7.30.jar:/Users/anusuyaselvaraj/.m2/repository/com/github/docker-java/docker-java-transport-httpclient5/3.3.4/docker-java-transport-httpclient5-3.3.4.jar:/Users/anusuyaselvaraj/.m2/repository/com/github/docker-java/docker-java-transport/3.3.4/docker-java-transport-3.3.4.jar:/Users/anusuyaselvaraj/.m2/repository/net/java/dev/jna/jna/5.13.0/jna-5.13.0.jar:/Users/anusuyaselvaraj/.m2/repository/org/brotli/dec/0.1.2/dec-0.1.2.jar:/Users/anusuyaselvaraj/.m2/repository/org/apache/commons/commons-lang3/3.13.0/commons-lang3-3.13.0.jar:/Users/anusuyaselvaraj/.m2/repository/org/apache/httpcomponents/client5/httpclient5/5.2.1/httpclient5-5.2.1.jar:/Users/anusuyaselvaraj/.m2/repository/org/apache/httpcomponents/core5/httpcore5/5.2/httpcore5-5.2.jar:/Users/anusuyaselvaraj/.m2/repository/org/apache/httpcomponents/core5/httpcore5-h2/5.2/httpcore5-h2-5.2.jar:/Users/anusuyaselvaraj/.m2/repository/org/testng/testng/7.8.0/testng-7.8.0.jar:/Users/anusuyaselvaraj/.m2/repository/com/beust/jcommander/1.82/jcommander-1.82.jar:/Users/anusuyaselvaraj/.m2/repository/org/webjars/jquery/3.6.1/jquery-3.6.1.jar:/Users/anusuyaselvaraj/.m2/repository/junit/junit/4.13.2/junit-4.13.2.jar:/Users/anusuyaselvaraj/.m2/repository/org/hamcrest/hamcrest-core/1.3/hamcrest-core-1.3.jar:/Users/anusuyaselvaraj/.m2/repository/io/qameta/allure/allure-maven/2.12.0/allure-maven-2.12.0.jar:/Users/anusuyaselvaraj/.m2/repository/org/apache/httpcomponents/httpclient/4.5.13/httpclient-4.5.13.jar:/Users/anusuyaselvaraj/.m2/repository/org/apache/httpcomponents/httpcore/4.4.13/httpcore-4.4.13.jar:/Users/anusuyaselvaraj/.m2/repository/commons-logging/commons-logging/1.2/commons-logging-1.2.jar:/Users/anusuyaselvaraj/.m2/repository/com/fasterxml/jackson/core/jackson-databind/2.14.0/jackson-databind-2.14.0.jar:/Users/anusuyaselvaraj/.m2/repository/com/fasterxml/jackson/core/jackson-annotations/2.14.0/jackson-annotations-2.14.0.jar:/Users/anusuyaselvaraj/.m2/repository/com/fasterxml/jackson/core/jackson-core/2.14.0/jackson-core-2.14.0.jar:/Users/anusuyaselvaraj/.m2/repository/org/apache/maven/maven-plugin-api/3.8.6/maven-plugin-api-3.8.6.jar:/Users/anusuyaselvaraj/.m2/repository/org/codehaus/plexus/plexus-utils/3.3.1/plexus-utils-3.3.1.jar:/Users/anusuyaselvaraj/.m2/repository/org/codehaus/plexus/plexus-classworlds/2.6.0/plexus-classworlds-2.6.0.jar:/Users/anusuyaselvaraj/.m2/repository/org/apache/maven/maven-core/3.8.6/maven-core-3.8.6.jar:/Users/anusuyaselvaraj/.m2/repository/org/apache/maven/maven-model/3.8.6/maven-model-3.8.6.jar:/Users/anusuyaselvaraj/.m2/repository/org/apache/maven/maven-settings/3.8.6/maven-settings-3.8.6.jar:/Users/anusuyaselvaraj/.m2/repository/org/apache/maven/maven-settings-builder/3.8.6/maven-settings-builder-3.8.6.jar:/Users/anusuyaselvaraj/.m2/repository/org/codehaus/plexus/plexus-sec-dispatcher/2.0/plexus-sec-dispatcher-2.0.jar:/Users/anusuyaselvaraj/.m2/repository/org/codehaus/plexus/plexus-cipher/2.0/plexus-cipher-2.0.jar:/Users/anusuyaselvaraj/.m2/repository/org/apache/maven/maven-builder-support/3.8.6/maven-builder-support-3.8.6.jar:/Users/anusuyaselvaraj/.m2/repository/org/apache/maven/maven-repository-metadata/3.8.6/maven-repository-metadata-3.8.6.jar:/Users/anusuyaselvaraj/.m2/repository/org/apache/maven/maven-artifact/3.8.6/maven-artifact-3.8.6.jar:/Users/anusuyaselvaraj/.m2/repository/org/apache/maven/maven-model-builder/3.8.6/maven-model-builder-3.8.6.jar:/Users/anusuyaselvaraj/.m2/repository/org/apache/maven/maven-resolver-provider/3.8.6/maven-resolver-provider-3.8.6.jar:/Users/anusuyaselvaraj/.m2/repository/org/apache/maven/resolver/maven-resolver-impl/1.6.3/maven-resolver-impl-1.6.3.jar:/Users/anusuyaselvaraj/.m2/repository/org/apache/maven/resolver/maven-resolver-api/1.6.3/maven-resolver-api-1.6.3.jar:/Users/anusuyaselvaraj/.m2/repository/org/apache/maven/resolver/maven-resolver-spi/1.6.3/maven-resolver-spi-1.6.3.jar:/Users/anusuyaselvaraj/.m2/repository/org/apache/maven/resolver/maven-resolver-util/1.6.3/maven-resolver-util-1.6.3.jar:/Users/anusuyaselvaraj/.m2/repository/org/apache/maven/shared/maven-shared-utils/3.3.4/maven-shared-utils-3.3.4.jar:/Users/anusuyaselvaraj/.m2/repository/org/eclipse/sisu/org.eclipse.sisu.plexus/0.3.5/org.eclipse.sisu.plexus-0.3.5.jar:/Users/anusuyaselvaraj/.m2/repository/javax/annotation/javax.annotation-api/1.2/javax.annotation-api-1.2.jar:/Users/anusuyaselvaraj/.m2/repository/org/eclipse/sisu/org.eclipse.sisu.inject/0.3.5/org.eclipse.sisu.inject-0.3.5.jar:/Users/anusuyaselvaraj/.m2/repository/com/google/inject/guice/4.2.2/guice-4.2.2-no_aop.jar:/Users/anusuyaselvaraj/.m2/repository/aopalliance/aopalliance/1.0/aopalliance-1.0.jar:/Users/anusuyaselvaraj/.m2/repository/javax/inject/javax.inject/1/javax.inject-1.jar:/Users/anusuyaselvaraj/.m2/repository/org/codehaus/plexus/plexus-interpolation/1.26/plexus-interpolation-1.26.jar:/Users/anusuyaselvaraj/.m2/repository/org/codehaus/plexus/plexus-component-annotations/2.1.0/plexus-component-annotations-2.1.0.jar:/Users/anusuyaselvaraj/.m2/repository/org/apache/maven/reporting/maven-reporting-impl/3.0.0/maven-reporting-impl-3.0.0.jar:/Users/anusuyaselvaraj/.m2/repository/org/apache/maven/reporting/maven-reporting-api/3.0/maven-reporting-api-3.0.jar:/Users/anusuyaselvaraj/.m2/repository/org/apache/maven/doxia/doxia-sink-api/1.7/doxia-sink-api-1.7.jar:/Users/anusuyaselvaraj/.m2/repository/org/apache/maven/doxia/doxia-logging-api/1.7/doxia-logging-api-1.7.jar:/Users/anusuyaselvaraj/.m2/repository/org/apache/maven/doxia/doxia-decoration-model/1.7.4/doxia-decoration-model-1.7.4.jar:/Users/anusuyaselvaraj/.m2/repository/org/apache/maven/doxia/doxia-core/1.7/doxia-core-1.7.jar:/Users/anusuyaselvaraj/.m2/repository/org/codehaus/plexus/plexus-container-default/1.0-alpha-30/plexus-container-default-1.0-alpha-30.jar:/Users/anusuyaselvaraj/.m2/repository/commons-lang/commons-lang/2.4/commons-lang-2.4.jar:/Users/anusuyaselvaraj/.m2/repository/xmlunit/xmlunit/1.5/xmlunit-1.5.jar:/Users/anusuyaselvaraj/.m2/repository/org/apache/maven/doxia/doxia-site-renderer/1.7.4/doxia-site-renderer-1.7.4.jar:/Users/anusuyaselvaraj/.m2/repository/org/apache/maven/doxia/doxia-skin-model/1.7.4/doxia-skin-model-1.7.4.jar:/Users/anusuyaselvaraj/.m2/repository/org/apache/maven/doxia/doxia-module-xhtml/1.7/doxia-module-xhtml-1.7.jar:/Users/anusuyaselvaraj/.m2/repository/org/codehaus/plexus/plexus-i18n/1.0-beta-7/plexus-i18n-1.0-beta-7.jar:/Users/anusuyaselvaraj/.m2/repository/org/codehaus/plexus/plexus-velocity/1.2/plexus-velocity-1.2.jar:/Users/anusuyaselvaraj/.m2/repository/org/apache/velocity/velocity/1.7/velocity-1.7.jar:/Users/anusuyaselvaraj/.m2/repository/org/apache/velocity/velocity-tools/2.0/velocity-tools-2.0.jar:/Users/anusuyaselvaraj/.m2/repository/commons-digester/commons-digester/1.8/commons-digester-1.8.jar:/Users/anusuyaselvaraj/.m2/repository/commons-chain/commons-chain/1.1/commons-chain-1.1.jar:/Users/anusuyaselvaraj/.m2/repository/commons-validator/commons-validator/1.3.1/commons-validator-1.3.1.jar:/Users/anusuyaselvaraj/.m2/repository/dom4j/dom4j/1.1/dom4j-1.1.jar:/Users/anusuyaselvaraj/.m2/repository/oro/oro/2.0.8/oro-2.0.8.jar:/Users/anusuyaselvaraj/.m2/repository/sslext/sslext/1.2-0/sslext-1.2-0.jar:/Users/anusuyaselvaraj/.m2/repository/org/apache/struts/struts-core/1.3.8/struts-core-1.3.8.jar:/Users/anusuyaselvaraj/.m2/repository/antlr/antlr/2.7.2/antlr-2.7.2.jar:/Users/anusuyaselvaraj/.m2/repository/org/apache/struts/struts-taglib/1.3.8/struts-taglib-1.3.8.jar:/Users/anusuyaselvaraj/.m2/repository/org/apache/struts/struts-tiles/1.3.8/struts-tiles-1.3.8.jar:/Users/anusuyaselvaraj/.m2/repository/org/apache/maven/shared/maven-artifact-transfer/0.13.1/maven-artifact-transfer-0.13.1.jar:/Users/anusuyaselvaraj/.m2/repository/org/apache/maven/shared/maven-common-artifact-filters/3.1.0/maven-common-artifact-filters-3.1.0.jar:/Users/anusuyaselvaraj/.m2/repository/org/sonatype/sisu/sisu-inject-plexus/1.4.2/sisu-inject-plexus-1.4.2.jar:/Users/anusuyaselvaraj/.m2/repository/org/sonatype/sisu/sisu-inject-bean/1.4.2/sisu-inject-bean-1.4.2.jar:/Users/anusuyaselvaraj/.m2/repository/org/sonatype/sisu/sisu-guice/2.1.7/sisu-guice-2.1.7-noaop.jar:/Users/anusuyaselvaraj/.m2/repository/commons-beanutils/commons-beanutils/1.9.4/commons-beanutils-1.9.4.jar:/Users/anusuyaselvaraj/.m2/repository/commons-collections/commons-collections/3.2.2/commons-collections-3.2.2.jar:/Users/anusuyaselvaraj/.m2/repository/net/lingala/zip4j/zip4j/1.3.3/zip4j-1.3.3.jar:/Users/anusuyaselvaraj/.m2/repository/org/apache/commons/commons-exec/1.3/commons-exec-1.3.jar:/Users/anusuyaselvaraj/.m2/repository/org/apache/maven/plugin-tools/maven-plugin-annotations/3.7.0/maven-plugin-annotations-3.7.0.jar:/Users/anusuyaselvaraj/.m2/repository/org/apache/maven/plugins/maven-jxr-plugin/3.3.0/maven-jxr-plugin-3.3.0.jar:/Users/anusuyaselvaraj/.m2/repository/org/apache/maven/maven-jxr/3.3.0/maven-jxr-3.3.0.jar:/Users/anusuyaselvaraj/.m2/repository/org/apache/maven/wagon/wagon-provider-api/2.8/wagon-provider-api-2.8.jar:/Users/anusuyaselvaraj/.m2/repository/org/codehaus/plexus/plexus-java/1.1.1/plexus-java-1.1.1.jar:/Users/anusuyaselvaraj/.m2/repository/org/ow2/asm/asm/9.2/asm-9.2.jar:/Users/anusuyaselvaraj/.m2/repository/com/thoughtworks/qdox/qdox/2.0.1/qdox-2.0.1.jar:/Users/anusuyaselvaraj/.m2/repository/io/qameta/allure/allure-cucumber7-jvm/2.25.0/allure-cucumber7-jvm-2.25.0.jar:/Users/anusuyaselvaraj/.m2/repository/io/qameta/allure/allure-java-commons/2.25.0/allure-java-commons-2.25.0.jar:/Users/anusuyaselvaraj/.m2/repository/io/qameta/allure/allure-model/2.25.0/allure-model-2.25.0.jar:/Users/anusuyaselvaraj/.m2/repository/io/cucumber/gherkin/26.2.0/gherkin-26.2.0.jar:/Users/anusuyaselvaraj/.m2/repository/com/aventstack/extentreports/5.1.1/extentreports-5.1.1.jar:/Users/anusuyaselvaraj/.m2/repository/io/reactivex/rxjava3/rxjava/3.1.6/rxjava-3.1.6.jar:/Users/anusuyaselvaraj/.m2/repository/org/reactivestreams/reactive-streams/1.0.4/reactive-streams-1.0.4.jar:/Users/anusuyaselvaraj/.m2/repository/org/freemarker/freemarker/2.3.32/freemarker-2.3.32.jar:/Users/anusuyaselvaraj/.m2/repository/org/projectlombok/lombok/1.18.26/lombok-1.18.26.jar:/Users/anusuyaselvaraj/.m2/repository/tech/grasshopper/extentreports-cucumber7-adapter/1.14.0/extentreports-cucumber7-adapter-1.14.0.jar:/Users/anusuyaselvaraj/.m2/repository/tech/grasshopper/extent-pdf-report/2.12.0/extent-pdf-report-2.12.0.jar:/Users/anusuyaselvaraj/.m2/repository/tech/grasshopper/cucumber-pdf-report/2.14.0/cucumber-pdf-report-2.14.0.jar:/Users/anusuyaselvaraj/.m2/repository/org/apache/pdfbox/pdfbox/2.0.26/pdfbox-2.0.26.jar:/Users/anusuyaselvaraj/.m2/repository/org/apache/pdfbox/fontbox/2.0.26/fontbox-2.0.26.jar:/Users/anusuyaselvaraj/.m2/repository/org/knowm/xchart/xchart/3.8.0/xchart-3.8.0.jar:/Users/anusuyaselvaraj/.m2/repository/de/erichseifert/vectorgraphics2d/VectorGraphics2D/0.13/VectorGraphics2D-0.13.jar:/Users/anusuyaselvaraj/.m2/repository/de/rototor/pdfbox/graphics2d/0.30/graphics2d-0.30.jar:/Users/anusuyaselvaraj/.m2/repository/com/madgag/animated-gif-lib/1.4/animated-gif-lib-1.4.jar:/Users/anusuyaselvaraj/.m2/repository/org/yaml/snakeyaml/2.0/snakeyaml-2.0.jar:/Users/anusuyaselvaraj/.m2/repository/tech/grasshopper/table-layout/1.5.1/table-layout-1.5.1.jar:/Users/anusuyaselvaraj/.m2/repository/tech/grasshopper/rest-assured-cucumber-pdf-report/1.5.0/rest-assured-cucumber-pdf-report-1.5.0.jar:/Users/anusuyaselvaraj/.m2/repository/org/jsoup/jsoup/1.15.3/jsoup-1.15.3.jar:/Users/anusuyaselvaraj/.m2/repository/com/aventstack/klov-reporter/5.1.0/klov-reporter-5.1.0.jar:/Users/anusuyaselvaraj/.m2/repository/org/mongodb/mongodb-driver/3.6.4/mongodb-driver-3.6.4.jar:/Users/anusuyaselvaraj/.m2/repository/org/mongodb/mongodb-driver-core/3.6.4/mongodb-driver-core-3.6.4.jar:/Users/anusuyaselvaraj/.m2/repository/org/mongodb/bson/3.6.4/bson-3.6.4.jar:/Users/anusuyaselvaraj/.m2/repository/org/apache/httpcomponents/httpmime/4.5.13/httpmime-4.5.13.jar:/Users/anusuyaselvaraj/.m2/repository/tech/grasshopper/htmlextentreporter/1.1.0/htmlextentreporter-1.1.0.jar:/Users/anusuyaselvaraj/.m2/repository/tech/grasshopper/extent-excel-report/1.4.0/extent-excel-report-1.4.0.jar:"/>
    <property name="java.vm.vendor" value="Oracle Corporation"/>
    <property name="sun.arch.data.model" value="64"/>
    <property name="java.vendor.url" value="https://java.oracle.com/"/>
    <property name="os.name" value="Mac OS X"/>
    <property name="java.vm.specification.version" value="19"/>
    <property name="sun.java.launcher" value="SUN_STANDARD"/>
    <property name="user.country" value="US"/>
    <property name="sun.boot.library.path" value="/Library/Java/JavaVirtualMachines/jdk-19.jdk/Contents/Home/lib"/>
    <property name="sun.java.command" value="/Users/anusuyaselvaraj/git/Selenium-Squad/target/surefire/surefirebooter12857051356329413024.jar /Users/anusuyaselvaraj/git/Selenium-Squad/target/surefire 2024-07-26T10-40-29_025-jvmRun1 surefire2665837003851496262tmp surefire_014165146654654469374tmp"/>
    <property name="http.nonProxyHosts" value="local|*.local|169.254/16|*.169.254/16"/>
    <property name="jdk.debug" value="release"/>
    <property name="surefire.test.class.path" value="/Users/anusuyaselvaraj/git/Selenium-Squad/target/test-classes:/Users/anusuyaselvaraj/git/Selenium-Squad/target/classes:/Users/anusuyaselvaraj/.m2/repository/org/seleniumhq/selenium/selenium-java/4.16.1/selenium-java-4.16.1.jar:/Users/anusuyaselvaraj/.m2/repository/org/seleniumhq/selenium/selenium-api/4.16.1/selenium-api-4.16.1.jar:/Users/anusuyaselvaraj/.m2/repository/org/seleniumhq/selenium/selenium-chrome-driver/4.16.1/selenium-chrome-driver-4.16.1.jar:/Users/anusuyaselvaraj/.m2/repository/com/google/auto/service/auto-service-annotations/1.1.1/auto-service-annotations-1.1.1.jar:/Users/anusuyaselvaraj/.m2/repository/org/seleniumhq/selenium/selenium-chromium-driver/4.16.1/selenium-chromium-driver-4.16.1.jar:/Users/anusuyaselvaraj/.m2/repository/org/seleniumhq/selenium/selenium-json/4.16.1/selenium-json-4.16.1.jar:/Users/anusuyaselvaraj/.m2/repository/org/seleniumhq/selenium/selenium-manager/4.16.1/selenium-manager-4.16.1.jar:/Users/anusuyaselvaraj/.m2/repository/org/seleniumhq/selenium/selenium-devtools-v118/4.16.1/selenium-devtools-v118-4.16.1.jar:/Users/anusuyaselvaraj/.m2/repository/org/seleniumhq/selenium/selenium-devtools-v119/4.16.1/selenium-devtools-v119-4.16.1.jar:/Users/anusuyaselvaraj/.m2/repository/org/seleniumhq/selenium/selenium-devtools-v120/4.16.1/selenium-devtools-v120-4.16.1.jar:/Users/anusuyaselvaraj/.m2/repository/org/seleniumhq/selenium/selenium-devtools-v85/4.16.1/selenium-devtools-v85-4.16.1.jar:/Users/anusuyaselvaraj/.m2/repository/org/seleniumhq/selenium/selenium-edge-driver/4.16.1/selenium-edge-driver-4.16.1.jar:/Users/anusuyaselvaraj/.m2/repository/org/seleniumhq/selenium/selenium-firefox-driver/4.16.1/selenium-firefox-driver-4.16.1.jar:/Users/anusuyaselvaraj/.m2/repository/org/seleniumhq/selenium/selenium-http/4.16.1/selenium-http-4.16.1.jar:/Users/anusuyaselvaraj/.m2/repository/dev/failsafe/failsafe/3.3.2/failsafe-3.3.2.jar:/Users/anusuyaselvaraj/.m2/repository/org/seleniumhq/selenium/selenium-ie-driver/4.16.1/selenium-ie-driver-4.16.1.jar:/Users/anusuyaselvaraj/.m2/repository/org/seleniumhq/selenium/selenium-remote-driver/4.16.1/selenium-remote-driver-4.16.1.jar:/Users/anusuyaselvaraj/.m2/repository/com/google/guava/guava/32.1.2-jre/guava-32.1.2-jre.jar:/Users/anusuyaselvaraj/.m2/repository/com/google/guava/failureaccess/1.0.1/failureaccess-1.0.1.jar:/Users/anusuyaselvaraj/.m2/repository/com/google/guava/listenablefuture/9999.0-empty-to-avoid-conflict-with-guava/listenablefuture-9999.0-empty-to-avoid-conflict-with-guava.jar:/Users/anusuyaselvaraj/.m2/repository/com/google/code/findbugs/jsr305/3.0.2/jsr305-3.0.2.jar:/Users/anusuyaselvaraj/.m2/repository/org/checkerframework/checker-qual/3.33.0/checker-qual-3.33.0.jar:/Users/anusuyaselvaraj/.m2/repository/com/google/errorprone/error_prone_annotations/2.18.0/error_prone_annotations-2.18.0.jar:/Users/anusuyaselvaraj/.m2/repository/com/google/j2objc/j2objc-annotations/2.8/j2objc-annotations-2.8.jar:/Users/anusuyaselvaraj/.m2/repository/io/opentelemetry/opentelemetry-api/1.28.0/opentelemetry-api-1.28.0.jar:/Users/anusuyaselvaraj/.m2/repository/io/opentelemetry/opentelemetry-context/1.28.0/opentelemetry-context-1.28.0.jar:/Users/anusuyaselvaraj/.m2/repository/io/opentelemetry/opentelemetry-exporter-logging/1.28.0/opentelemetry-exporter-logging-1.28.0.jar:/Users/anusuyaselvaraj/.m2/repository/io/opentelemetry/opentelemetry-sdk-metrics/1.28.0/opentelemetry-sdk-metrics-1.28.0.jar:/Users/anusuyaselvaraj/.m2/repository/io/opentelemetry/opentelemetry-extension-incubator/1.28.0-alpha/opentelemetry-extension-incubator-1.28.0-alpha.jar:/Users/anusuyaselvaraj/.m2/repository/io/opentelemetry/opentelemetry-sdk-logs/1.28.0/opentelemetry-sdk-logs-1.28.0.jar:/Users/anusuyaselvaraj/.m2/repository/io/opentelemetry/opentelemetry-sdk-common/1.28.0/opentelemetry-sdk-common-1.28.0.jar:/Users/anusuyaselvaraj/.m2/repository/io/opentelemetry/opentelemetry-sdk-extension-autoconfigure-spi/1.28.0/opentelemetry-sdk-extension-autoconfigure-spi-1.28.0.jar:/Users/anusuyaselvaraj/.m2/repository/io/opentelemetry/opentelemetry-sdk-extension-autoconfigure/1.28.0/opentelemetry-sdk-extension-autoconfigure-1.28.0.jar:/Users/anusuyaselvaraj/.m2/repository/io/opentelemetry/opentelemetry-api-events/1.28.0-alpha/opentelemetry-api-events-1.28.0-alpha.jar:/Users/anusuyaselvaraj/.m2/repository/io/opentelemetry/opentelemetry-sdk-trace/1.28.0/opentelemetry-sdk-trace-1.28.0.jar:/Users/anusuyaselvaraj/.m2/repository/io/opentelemetry/opentelemetry-sdk/1.28.0/opentelemetry-sdk-1.28.0.jar:/Users/anusuyaselvaraj/.m2/repository/io/opentelemetry/opentelemetry-semconv/1.28.0-alpha/opentelemetry-semconv-1.28.0-alpha.jar:/Users/anusuyaselvaraj/.m2/repository/net/bytebuddy/byte-buddy/1.14.5/byte-buddy-1.14.5.jar:/Users/anusuyaselvaraj/.m2/repository/org/seleniumhq/selenium/selenium-os/4.16.1/selenium-os-4.16.1.jar:/Users/anusuyaselvaraj/.m2/repository/org/seleniumhq/selenium/selenium-safari-driver/4.16.1/selenium-safari-driver-4.16.1.jar:/Users/anusuyaselvaraj/.m2/repository/org/seleniumhq/selenium/selenium-support/4.16.1/selenium-support-4.16.1.jar:/Users/anusuyaselvaraj/.m2/repository/org/apache/logging/log4j/log4j-core/2.22.0/log4j-core-2.22.0.jar:/Users/anusuyaselvaraj/.m2/repository/org/apache/logging/log4j/log4j-api/2.22.0/log4j-api-2.22.0.jar:/Users/anusuyaselvaraj/.m2/repository/io/cucumber/cucumber-java/7.14.0/cucumber-java-7.14.0.jar:/Users/anusuyaselvaraj/.m2/repository/io/cucumber/cucumber-core/7.14.0/cucumber-core-7.14.0.jar:/Users/anusuyaselvaraj/.m2/repository/io/cucumber/cucumber-gherkin/7.14.0/cucumber-gherkin-7.14.0.jar:/Users/anusuyaselvaraj/.m2/repository/io/cucumber/cucumber-gherkin-messages/7.14.0/cucumber-gherkin-messages-7.14.0.jar:/Users/anusuyaselvaraj/.m2/repository/io/cucumber/messages/22.0.0/messages-22.0.0.jar:/Users/anusuyaselvaraj/.m2/repository/io/cucumber/tag-expressions/5.0.6/tag-expressions-5.0.6.jar:/Users/anusuyaselvaraj/.m2/repository/io/cucumber/cucumber-expressions/16.1.2/cucumber-expressions-16.1.2.jar:/Users/anusuyaselvaraj/.m2/repository/io/cucumber/datatable/7.14.0/datatable-7.14.0.jar:/Users/anusuyaselvaraj/.m2/repository/io/cucumber/cucumber-plugin/7.14.0/cucumber-plugin-7.14.0.jar:/Users/anusuyaselvaraj/.m2/repository/io/cucumber/docstring/7.14.0/docstring-7.14.0.jar:/Users/anusuyaselvaraj/.m2/repository/io/cucumber/html-formatter/20.4.0/html-formatter-20.4.0.jar:/Users/anusuyaselvaraj/.m2/repository/io/cucumber/junit-xml-formatter/0.2.0/junit-xml-formatter-0.2.0.jar:/Users/anusuyaselvaraj/.m2/repository/io/cucumber/ci-environment/9.2.0/ci-environment-9.2.0.jar:/Users/anusuyaselvaraj/.m2/repository/org/apiguardian/apiguardian-api/1.1.2/apiguardian-api-1.1.2.jar:/Users/anusuyaselvaraj/.m2/repository/io/cucumber/cucumber-testng/7.14.0/cucumber-testng-7.14.0.jar:/Users/anusuyaselvaraj/.m2/repository/io/cucumber/cucumber-junit/7.14.0/cucumber-junit-7.14.0.jar:/Users/anusuyaselvaraj/.m2/repository/org/apache/poi/poi/5.2.5/poi-5.2.5.jar:/Users/anusuyaselvaraj/.m2/repository/commons-codec/commons-codec/1.16.0/commons-codec-1.16.0.jar:/Users/anusuyaselvaraj/.m2/repository/org/apache/commons/commons-collections4/4.4/commons-collections4-4.4.jar:/Users/anusuyaselvaraj/.m2/repository/org/apache/commons/commons-math3/3.6.1/commons-math3-3.6.1.jar:/Users/anusuyaselvaraj/.m2/repository/commons-io/commons-io/2.15.0/commons-io-2.15.0.jar:/Users/anusuyaselvaraj/.m2/repository/com/zaxxer/SparseBitSet/1.3/SparseBitSet-1.3.jar:/Users/anusuyaselvaraj/.m2/repository/org/apache/poi/poi-ooxml/5.2.5/poi-ooxml-5.2.5.jar:/Users/anusuyaselvaraj/.m2/repository/org/apache/poi/poi-ooxml-lite/5.2.5/poi-ooxml-lite-5.2.5.jar:/Users/anusuyaselvaraj/.m2/repository/org/apache/xmlbeans/xmlbeans/5.2.0/xmlbeans-5.2.0.jar:/Users/anusuyaselvaraj/.m2/repository/org/apache/commons/commons-compress/1.25.0/commons-compress-1.25.0.jar:/Users/anusuyaselvaraj/.m2/repository/com/github/virtuald/curvesapi/1.08/curvesapi-1.08.jar:/Users/anusuyaselvaraj/.m2/repository/io/github/bonigarcia/webdrivermanager/5.6.2/webdrivermanager-5.6.2.jar:/Users/anusuyaselvaraj/.m2/repository/org/slf4j/slf4j-api/2.0.9/slf4j-api-2.0.9.jar:/Users/anusuyaselvaraj/.m2/repository/com/google/code/gson/gson/2.10.1/gson-2.10.1.jar:/Users/anusuyaselvaraj/.m2/repository/com/github/docker-java/docker-java/3.3.4/docker-java-3.3.4.jar:/Users/anusuyaselvaraj/.m2/repository/com/github/docker-java/docker-java-core/3.3.4/docker-java-core-3.3.4.jar:/Users/anusuyaselvaraj/.m2/repository/com/github/docker-java/docker-java-api/3.3.4/docker-java-api-3.3.4.jar:/Users/anusuyaselvaraj/.m2/repository/org/bouncycastle/bcpkix-jdk18on/1.76/bcpkix-jdk18on-1.76.jar:/Users/anusuyaselvaraj/.m2/repository/org/bouncycastle/bcprov-jdk18on/1.76/bcprov-jdk18on-1.76.jar:/Users/anusuyaselvaraj/.m2/repository/org/bouncycastle/bcutil-jdk18on/1.76/bcutil-jdk18on-1.76.jar:/Users/anusuyaselvaraj/.m2/repository/org/slf4j/jcl-over-slf4j/1.7.30/jcl-over-slf4j-1.7.30.jar:/Users/anusuyaselvaraj/.m2/repository/com/github/docker-java/docker-java-transport-httpclient5/3.3.4/docker-java-transport-httpclient5-3.3.4.jar:/Users/anusuyaselvaraj/.m2/repository/com/github/docker-java/docker-java-transport/3.3.4/docker-java-transport-3.3.4.jar:/Users/anusuyaselvaraj/.m2/repository/net/java/dev/jna/jna/5.13.0/jna-5.13.0.jar:/Users/anusuyaselvaraj/.m2/repository/org/brotli/dec/0.1.2/dec-0.1.2.jar:/Users/anusuyaselvaraj/.m2/repository/org/apache/commons/commons-lang3/3.13.0/commons-lang3-3.13.0.jar:/Users/anusuyaselvaraj/.m2/repository/org/apache/httpcomponents/client5/httpclient5/5.2.1/httpclient5-5.2.1.jar:/Users/anusuyaselvaraj/.m2/repository/org/apache/httpcomponents/core5/httpcore5/5.2/httpcore5-5.2.jar:/Users/anusuyaselvaraj/.m2/repository/org/apache/httpcomponents/core5/httpcore5-h2/5.2/httpcore5-h2-5.2.jar:/Users/anusuyaselvaraj/.m2/repository/org/testng/testng/7.8.0/testng-7.8.0.jar:/Users/anusuyaselvaraj/.m2/repository/com/beust/jcommander/1.82/jcommander-1.82.jar:/Users/anusuyaselvaraj/.m2/repository/org/webjars/jquery/3.6.1/jquery-3.6.1.jar:/Users/anusuyaselvaraj/.m2/repository/junit/junit/4.13.2/junit-4.13.2.jar:/Users/anusuyaselvaraj/.m2/repository/org/hamcrest/hamcrest-core/1.3/hamcrest-core-1.3.jar:/Users/anusuyaselvaraj/.m2/repository/io/qameta/allure/allure-maven/2.12.0/allure-maven-2.12.0.jar:/Users/anusuyaselvaraj/.m2/repository/org/apache/httpcomponents/httpclient/4.5.13/httpclient-4.5.13.jar:/Users/anusuyaselvaraj/.m2/repository/org/apache/httpcomponents/httpcore/4.4.13/httpcore-4.4.13.jar:/Users/anusuyaselvaraj/.m2/repository/commons-logging/commons-logging/1.2/commons-logging-1.2.jar:/Users/anusuyaselvaraj/.m2/repository/com/fasterxml/jackson/core/jackson-databind/2.14.0/jackson-databind-2.14.0.jar:/Users/anusuyaselvaraj/.m2/repository/com/fasterxml/jackson/core/jackson-annotations/2.14.0/jackson-annotations-2.14.0.jar:/Users/anusuyaselvaraj/.m2/repository/com/fasterxml/jackson/core/jackson-core/2.14.0/jackson-core-2.14.0.jar:/Users/anusuyaselvaraj/.m2/repository/org/apache/maven/maven-plugin-api/3.8.6/maven-plugin-api-3.8.6.jar:/Users/anusuyaselvaraj/.m2/repository/org/codehaus/plexus/plexus-utils/3.3.1/plexus-utils-3.3.1.jar:/Users/anusuyaselvaraj/.m2/repository/org/codehaus/plexus/plexus-classworlds/2.6.0/plexus-classworlds-2.6.0.jar:/Users/anusuyaselvaraj/.m2/repository/org/apache/maven/maven-core/3.8.6/maven-core-3.8.6.jar:/Users/anusuyaselvaraj/.m2/repository/org/apache/maven/maven-model/3.8.6/maven-model-3.8.6.jar:/Users/anusuyaselvaraj/.m2/repository/org/apache/maven/maven-settings/3.8.6/maven-settings-3.8.6.jar:/Users/anusuyaselvaraj/.m2/repository/org/apache/maven/maven-settings-builder/3.8.6/maven-settings-builder-3.8.6.jar:/Users/anusuyaselvaraj/.m2/repository/org/codehaus/plexus/plexus-sec-dispatcher/2.0/plexus-sec-dispatcher-2.0.jar:/Users/anusuyaselvaraj/.m2/repository/org/codehaus/plexus/plexus-cipher/2.0/plexus-cipher-2.0.jar:/Users/anusuyaselvaraj/.m2/repository/org/apache/maven/maven-builder-support/3.8.6/maven-builder-support-3.8.6.jar:/Users/anusuyaselvaraj/.m2/repository/org/apache/maven/maven-repository-metadata/3.8.6/maven-repository-metadata-3.8.6.jar:/Users/anusuyaselvaraj/.m2/repository/org/apache/maven/maven-artifact/3.8.6/maven-artifact-3.8.6.jar:/Users/anusuyaselvaraj/.m2/repository/org/apache/maven/maven-model-builder/3.8.6/maven-model-builder-3.8.6.jar:/Users/anusuyaselvaraj/.m2/repository/org/apache/maven/maven-resolver-provider/3.8.6/maven-resolver-provider-3.8.6.jar:/Users/anusuyaselvaraj/.m2/repository/org/apache/maven/resolver/maven-resolver-impl/1.6.3/maven-resolver-impl-1.6.3.jar:/Users/anusuyaselvaraj/.m2/repository/org/apache/maven/resolver/maven-resolver-api/1.6.3/maven-resolver-api-1.6.3.jar:/Users/anusuyaselvaraj/.m2/repository/org/apache/maven/resolver/maven-resolver-spi/1.6.3/maven-resolver-spi-1.6.3.jar:/Users/anusuyaselvaraj/.m2/repository/org/apache/maven/resolver/maven-resolver-util/1.6.3/maven-resolver-util-1.6.3.jar:/Users/anusuyaselvaraj/.m2/repository/org/apache/maven/shared/maven-shared-utils/3.3.4/maven-shared-utils-3.3.4.jar:/Users/anusuyaselvaraj/.m2/repository/org/eclipse/sisu/org.eclipse.sisu.plexus/0.3.5/org.eclipse.sisu.plexus-0.3.5.jar:/Users/anusuyaselvaraj/.m2/repository/javax/annotation/javax.annotation-api/1.2/javax.annotation-api-1.2.jar:/Users/anusuyaselvaraj/.m2/repository/org/eclipse/sisu/org.eclipse.sisu.inject/0.3.5/org.eclipse.sisu.inject-0.3.5.jar:/Users/anusuyaselvaraj/.m2/repository/com/google/inject/guice/4.2.2/guice-4.2.2-no_aop.jar:/Users/anusuyaselvaraj/.m2/repository/aopalliance/aopalliance/1.0/aopalliance-1.0.jar:/Users/anusuyaselvaraj/.m2/repository/javax/inject/javax.inject/1/javax.inject-1.jar:/Users/anusuyaselvaraj/.m2/repository/org/codehaus/plexus/plexus-interpolation/1.26/plexus-interpolation-1.26.jar:/Users/anusuyaselvaraj/.m2/repository/org/codehaus/plexus/plexus-component-annotations/2.1.0/plexus-component-annotations-2.1.0.jar:/Users/anusuyaselvaraj/.m2/repository/org/apache/maven/reporting/maven-reporting-impl/3.0.0/maven-reporting-impl-3.0.0.jar:/Users/anusuyaselvaraj/.m2/repository/org/apache/maven/reporting/maven-reporting-api/3.0/maven-reporting-api-3.0.jar:/Users/anusuyaselvaraj/.m2/repository/org/apache/maven/doxia/doxia-sink-api/1.7/doxia-sink-api-1.7.jar:/Users/anusuyaselvaraj/.m2/repository/org/apache/maven/doxia/doxia-logging-api/1.7/doxia-logging-api-1.7.jar:/Users/anusuyaselvaraj/.m2/repository/org/apache/maven/doxia/doxia-decoration-model/1.7.4/doxia-decoration-model-1.7.4.jar:/Users/anusuyaselvaraj/.m2/repository/org/apache/maven/doxia/doxia-core/1.7/doxia-core-1.7.jar:/Users/anusuyaselvaraj/.m2/repository/org/codehaus/plexus/plexus-container-default/1.0-alpha-30/plexus-container-default-1.0-alpha-30.jar:/Users/anusuyaselvaraj/.m2/repository/commons-lang/commons-lang/2.4/commons-lang-2.4.jar:/Users/anusuyaselvaraj/.m2/repository/xmlunit/xmlunit/1.5/xmlunit-1.5.jar:/Users/anusuyaselvaraj/.m2/repository/org/apache/maven/doxia/doxia-site-renderer/1.7.4/doxia-site-renderer-1.7.4.jar:/Users/anusuyaselvaraj/.m2/repository/org/apache/maven/doxia/doxia-skin-model/1.7.4/doxia-skin-model-1.7.4.jar:/Users/anusuyaselvaraj/.m2/repository/org/apache/maven/doxia/doxia-module-xhtml/1.7/doxia-module-xhtml-1.7.jar:/Users/anusuyaselvaraj/.m2/repository/org/codehaus/plexus/plexus-i18n/1.0-beta-7/plexus-i18n-1.0-beta-7.jar:/Users/anusuyaselvaraj/.m2/repository/org/codehaus/plexus/plexus-velocity/1.2/plexus-velocity-1.2.jar:/Users/anusuyaselvaraj/.m2/repository/org/apache/velocity/velocity/1.7/velocity-1.7.jar:/Users/anusuyaselvaraj/.m2/repository/org/apache/velocity/velocity-tools/2.0/velocity-tools-2.0.jar:/Users/anusuyaselvaraj/.m2/repository/commons-digester/commons-digester/1.8/commons-digester-1.8.jar:/Users/anusuyaselvaraj/.m2/repository/commons-chain/commons-chain/1.1/commons-chain-1.1.jar:/Users/anusuyaselvaraj/.m2/repository/commons-validator/commons-validator/1.3.1/commons-validator-1.3.1.jar:/Users/anusuyaselvaraj/.m2/repository/dom4j/dom4j/1.1/dom4j-1.1.jar:/Users/anusuyaselvaraj/.m2/repository/oro/oro/2.0.8/oro-2.0.8.jar:/Users/anusuyaselvaraj/.m2/repository/sslext/sslext/1.2-0/sslext-1.2-0.jar:/Users/anusuyaselvaraj/.m2/repository/org/apache/struts/struts-core/1.3.8/struts-core-1.3.8.jar:/Users/anusuyaselvaraj/.m2/repository/antlr/antlr/2.7.2/antlr-2.7.2.jar:/Users/anusuyaselvaraj/.m2/repository/org/apache/struts/struts-taglib/1.3.8/struts-taglib-1.3.8.jar:/Users/anusuyaselvaraj/.m2/repository/org/apache/struts/struts-tiles/1.3.8/struts-tiles-1.3.8.jar:/Users/anusuyaselvaraj/.m2/repository/org/apache/maven/shared/maven-artifact-transfer/0.13.1/maven-artifact-transfer-0.13.1.jar:/Users/anusuyaselvaraj/.m2/repository/org/apache/maven/shared/maven-common-artifact-filters/3.1.0/maven-common-artifact-filters-3.1.0.jar:/Users/anusuyaselvaraj/.m2/repository/org/sonatype/sisu/sisu-inject-plexus/1.4.2/sisu-inject-plexus-1.4.2.jar:/Users/anusuyaselvaraj/.m2/repository/org/sonatype/sisu/sisu-inject-bean/1.4.2/sisu-inject-bean-1.4.2.jar:/Users/anusuyaselvaraj/.m2/repository/org/sonatype/sisu/sisu-guice/2.1.7/sisu-guice-2.1.7-noaop.jar:/Users/anusuyaselvaraj/.m2/repository/commons-beanutils/commons-beanutils/1.9.4/commons-beanutils-1.9.4.jar:/Users/anusuyaselvaraj/.m2/repository/commons-collections/commons-collections/3.2.2/commons-collections-3.2.2.jar:/Users/anusuyaselvaraj/.m2/repository/net/lingala/zip4j/zip4j/1.3.3/zip4j-1.3.3.jar:/Users/anusuyaselvaraj/.m2/repository/org/apache/commons/commons-exec/1.3/commons-exec-1.3.jar:/Users/anusuyaselvaraj/.m2/repository/org/apache/maven/plugin-tools/maven-plugin-annotations/3.7.0/maven-plugin-annotations-3.7.0.jar:/Users/anusuyaselvaraj/.m2/repository/org/apache/maven/plugins/maven-jxr-plugin/3.3.0/maven-jxr-plugin-3.3.0.jar:/Users/anusuyaselvaraj/.m2/repository/org/apache/maven/maven-jxr/3.3.0/maven-jxr-3.3.0.jar:/Users/anusuyaselvaraj/.m2/repository/org/apache/maven/wagon/wagon-provider-api/2.8/wagon-provider-api-2.8.jar:/Users/anusuyaselvaraj/.m2/repository/org/codehaus/plexus/plexus-java/1.1.1/plexus-java-1.1.1.jar:/Users/anusuyaselvaraj/.m2/repository/org/ow2/asm/asm/9.2/asm-9.2.jar:/Users/anusuyaselvaraj/.m2/repository/com/thoughtworks/qdox/qdox/2.0.1/qdox-2.0.1.jar:/Users/anusuyaselvaraj/.m2/repository/io/qameta/allure/allure-cucumber7-jvm/2.25.0/allure-cucumber7-jvm-2.25.0.jar:/Users/anusuyaselvaraj/.m2/repository/io/qameta/allure/allure-java-commons/2.25.0/allure-java-commons-2.25.0.jar:/Users/anusuyaselvaraj/.m2/repository/io/qameta/allure/allure-model/2.25.0/allure-model-2.25.0.jar:/Users/anusuyaselvaraj/.m2/repository/io/cucumber/gherkin/26.2.0/gherkin-26.2.0.jar:/Users/anusuyaselvaraj/.m2/repository/com/aventstack/extentreports/5.1.1/extentreports-5.1.1.jar:/Users/anusuyaselvaraj/.m2/repository/io/reactivex/rxjava3/rxjava/3.1.6/rxjava-3.1.6.jar:/Users/anusuyaselvaraj/.m2/repository/org/reactivestreams/reactive-streams/1.0.4/reactive-streams-1.0.4.jar:/Users/anusuyaselvaraj/.m2/repository/org/freemarker/freemarker/2.3.32/freemarker-2.3.32.jar:/Users/anusuyaselvaraj/.m2/repository/org/projectlombok/lombok/1.18.26/lombok-1.18.26.jar:/Users/anusuyaselvaraj/.m2/repository/tech/grasshopper/extentreports-cucumber7-adapter/1.14.0/extentreports-cucumber7-adapter-1.14.0.jar:/Users/anusuyaselvaraj/.m2/repository/tech/grasshopper/extent-pdf-report/2.12.0/extent-pdf-report-2.12.0.jar:/Users/anusuyaselvaraj/.m2/repository/tech/grasshopper/cucumber-pdf-report/2.14.0/cucumber-pdf-report-2.14.0.jar:/Users/anusuyaselvaraj/.m2/repository/org/apache/pdfbox/pdfbox/2.0.26/pdfbox-2.0.26.jar:/Users/anusuyaselvaraj/.m2/repository/org/apache/pdfbox/fontbox/2.0.26/fontbox-2.0.26.jar:/Users/anusuyaselvaraj/.m2/repository/org/knowm/xchart/xchart/3.8.0/xchart-3.8.0.jar:/Users/anusuyaselvaraj/.m2/repository/de/erichseifert/vectorgraphics2d/VectorGraphics2D/0.13/VectorGraphics2D-0.13.jar:/Users/anusuyaselvaraj/.m2/repository/de/rototor/pdfbox/graphics2d/0.30/graphics2d-0.30.jar:/Users/anusuyaselvaraj/.m2/repository/com/madgag/animated-gif-lib/1.4/animated-gif-lib-1.4.jar:/Users/anusuyaselvaraj/.m2/repository/org/yaml/snakeyaml/2.0/snakeyaml-2.0.jar:/Users/anusuyaselvaraj/.m2/repository/tech/grasshopper/table-layout/1.5.1/table-layout-1.5.1.jar:/Users/anusuyaselvaraj/.m2/repository/tech/grasshopper/rest-assured-cucumber-pdf-report/1.5.0/rest-assured-cucumber-pdf-report-1.5.0.jar:/Users/anusuyaselvaraj/.m2/repository/org/jsoup/jsoup/1.15.3/jsoup-1.15.3.jar:/Users/anusuyaselvaraj/.m2/repository/com/aventstack/klov-reporter/5.1.0/klov-reporter-5.1.0.jar:/Users/anusuyaselvaraj/.m2/repository/org/mongodb/mongodb-driver/3.6.4/mongodb-driver-3.6.4.jar:/Users/anusuyaselvaraj/.m2/repository/org/mongodb/mongodb-driver-core/3.6.4/mongodb-driver-core-3.6.4.jar:/Users/anusuyaselvaraj/.m2/repository/org/mongodb/bson/3.6.4/bson-3.6.4.jar:/Users/anusuyaselvaraj/.m2/repository/org/apache/httpcomponents/httpmime/4.5.13/httpmime-4.5.13.jar:/Users/anusuyaselvaraj/.m2/repository/tech/grasshopper/htmlextentreporter/1.1.0/htmlextentreporter-1.1.0.jar:/Users/anusuyaselvaraj/.m2/repository/tech/grasshopper/extent-excel-report/1.4.0/extent-excel-report-1.4.0.jar:"/>
    <property name="sun.cpu.endian" value="little"/>
    <property name="user.home" value="/Users/anusuyaselvaraj"/>
    <property name="user.language" value="en"/>
    <property name="java.specification.vendor" value="Oracle Corporation"/>
    <property name="java.version.date" value="2022-09-20"/>
    <property name="java.home" value="/Library/Java/JavaVirtualMachines/jdk-19.jdk/Contents/Home"/>
    <property name="file.separator" value="/"/>
    <property name="basedir" value="/Users/anusuyaselvaraj/git/Selenium-Squad"/>
    <property name="style.color" value="always"/>
    <property name="java.vm.compressedOopsMode" value="Zero based"/>
    <property name="line.separator" value="&#10;"/>
    <property name="java.vm.specification.vendor" value="Oracle Corporation"/>
    <property name="java.specification.name" value="Java Platform API Specification"/>
    <property name="apple.awt.application.name" value="ForkedBooter"/>
    <property name="surefire.real.class.path" value="/Users/anusuyaselvaraj/git/Selenium-Squad/target/surefire/surefirebooter12857051356329413024.jar"/>
    <property name="sun.management.compiler" value="HotSpot 64-Bit Tiered Compilers"/>
    <property name="ftp.nonProxyHosts" value="local|*.local|169.254/16|*.169.254/16"/>
    <property name="java.runtime.version" value="19+36-2238"/>
    <property name="user.name" value="anusuyaselvaraj"/>
    <property name="stdout.encoding" value="UTF-8"/>
    <property name="path.separator" value=":"/>
    <property name="os.version" value="14.4"/>
    <property name="java.runtime.name" value="Java(TM) SE Runtime Environment"/>
    <property name="file.encoding" value="UTF-8"/>
    <property name="java.vm.name" value="Java HotSpot(TM) 64-Bit Server VM"/>
    <property name="localRepository" value="/Users/anusuyaselvaraj/.m2/repository"/>
    <property name="java.vendor.url.bug" value="https://bugreport.java.com/bugreport/"/>
    <property name="java.io.tmpdir" value="/var/folders/6p/y3sjyts56hl8jkd2fcc1cr6c0000gn/T/"/>
    <property name="java.version" value="19"/>
    <property name="user.dir" value="/Users/anusuyaselvaraj/git/Selenium-Squad"/>
    <property name="os.arch" value="aarch64"/>
    <property name="java.vm.specification.name" value="Java Virtual Machine Specification"/>
    <property name="native.encoding" value="UTF-8"/>
    <property name="java.library.path" value="/Users/anusuyaselvaraj/Library/Java/Extensions:/Library/Java/Extensions:/Network/Library/Java/Extensions:/System/Library/Java/Extensions:/usr/lib/java:."/>
    <property name="java.vm.info" value="mixed mode, sharing"/>
    <property name="stderr.encoding" value="UTF-8"/>
    <property name="java.vendor" value="Oracle Corporation"/>
    <property name="java.vm.version" value="19+36-2238"/>
    <property name="sun.io.unicode.encoding" value="UnicodeBig"/>
    <property name="socksNonProxyHosts" value="local|*.local|169.254/16|*.169.254/16"/>
    <property name="java.class.version" value="63.0"/>
  </properties>
  <testcase name="runScenario" classname="testrunner.TestRunner" time="0.033"/>
  <testcase name="testSample" classname="seleniumSquad.cucumberdsAlgo.draftTest" time="0.001"/>
</testsuite>