<?xml version="1.0" encoding="UTF-8"?>
<!-- Generated by org.testng.reporters.JUnitReportReporter -->
<testsuite hostname="Dheenathayalans-MacBook-Air.local" failures="0" tests="68" name="testrunner.TestRunner" time="6177.477" errors="0" timestamp="2024-08-23T09:57:11 IST" skipped="0">
  <testcase classname="testrunner.TestRunner" name="runScenario" time="104.991"/>
  <testcase classname="testrunner.TestRunner" name="runScenario" time="78.540"/>
  <testcase classname="testrunner.TestRunner" name="runScenario" time="89.106"/>
  <testcase classname="testrunner.TestRunner" name="runScenario" time="94.045"/>
  <testcase classname="testrunner.TestRunner" name="runScenario" time="75.909"/>
  <testcase classname="testrunner.TestRunner" name="runScenario" time="105.999"/>
  <testcase classname="testrunner.TestRunner" name="runScenario" time="112.243"/>
  <testcase classname="testrunner.TestRunner" name="runScenario" time="93.264"/>
  <testcase classname="testrunner.TestRunner" name="runScenario" time="61.285"/>
  <testcase classname="testrunner.TestRunner" name="runScenario" time="91.428"/>
  <testcase classname="testrunner.TestRunner" name="runScenario" time="55.780"/>
  <testcase classname="testrunner.TestRunner" name="runScenario" time="104.266"/>
  <testcase classname="testrunner.TestRunner" name="runScenario" time="73.356"/>
  <testcase classname="testrunner.TestRunner" name="runScenario" time="75.058"/>
  <testcase classname="testrunner.TestRunner" name="runScenario" time="105.240"/>
  <testcase classname="testrunner.TestRunner" name="runScenario" time="91.028"/>
  <testcase classname="testrunner.TestRunner" name="runScenario" time="79.323"/>
  <testcase classname="testrunner.TestRunner" name="runScenario" time="89.181"/>
  <testcase classname="testrunner.TestRunner" name="runScenario" time="75.174"/>
  <testcase classname="testrunner.TestRunner" name="runScenario" time="101.418"/>
  <testcase classname="testrunner.TestRunner" name="runScenario" time="111.447"/>
  <testcase classname="testrunner.TestRunner" name="runScenario" time="78.140"/>
  <testcase classname="testrunner.TestRunner" name="runScenario" time="111.205"/>
  <testcase classname="testrunner.TestRunner" name="runScenario" time="78.077"/>
  <testcase classname="testrunner.TestRunner" name="runScenario" time="81.990"/>
  <testcase classname="testrunner.TestRunner" name="runScenario" time="99.446"/>
  <testcase classname="testrunner.TestRunner" name="runScenario" time="113.708"/>
  <testcase classname="testrunner.TestRunner" name="runScenario" time="79.871"/>
  <testcase classname="testrunner.TestRunner" name="runScenario" time="116.436"/>
  <testcase classname="testrunner.TestRunner" name="runScenario" time="78.047"/>
  <testcase classname="testrunner.TestRunner" name="runScenario" time="73.025"/>
  <testcase classname="testrunner.TestRunner" name="runScenario" time="77.057"/>
  <testcase classname="testrunner.TestRunner" name="runScenario" time="85.380"/>
  <testcase classname="testrunner.TestRunner" name="runScenario" time="101.358"/>
  <testcase classname="testrunner.TestRunner" name="runScenario" time="92.456"/>
  <testcase classname="testrunner.TestRunner" name="runScenario" time="111.921"/>
  <testcase classname="testrunner.TestRunner" name="runScenario" time="88.720"/>
  <testcase classname="testrunner.TestRunner" name="runScenario" time="77.238"/>
  <testcase classname="testrunner.TestRunner" name="runScenario" time="106.834"/>
  <testcase classname="testrunner.TestRunner" name="runScenario" time="108.167"/>
  <testcase classname="testrunner.TestRunner" name="runScenario" time="97.012"/>
  <testcase classname="testrunner.TestRunner" name="runScenario" time="77.159"/>
  <testcase classname="testrunner.TestRunner" name="runScenario" time="104.300"/>
  <testcase classname="testrunner.TestRunner" name="runScenario" time="93.164"/>
  <testcase classname="testrunner.TestRunner" name="runScenario" time="82.021"/>
  <testcase classname="testrunner.TestRunner" name="runScenario" time="101.021"/>
  <testcase classname="testrunner.TestRunner" name="runScenario" time="105.269"/>
  <testcase classname="testrunner.TestRunner" name="runScenario" time="96.270"/>
  <testcase classname="testrunner.TestRunner" name="runScenario" time="100.341"/>
  <testcase classname="testrunner.TestRunner" name="runScenario" time="136.577"/>
  <testcase classname="testrunner.TestRunner" name="runScenario" time="97.899"/>
  <testcase classname="testrunner.TestRunner" name="runScenario" time="67.027"/>
  <testcase classname="testrunner.TestRunner" name="runScenario" time="80.540"/>
  <testcase classname="testrunner.TestRunner" name="runScenario" time="95.101"/>
  <testcase classname="testrunner.TestRunner" name="runScenario" time="112.580"/>
  <testcase classname="testrunner.TestRunner" name="runScenario" time="68.335"/>
  <testcase classname="testrunner.TestRunner" name="runScenario" time="97.522"/>
  <testcase classname="testrunner.TestRunner" name="runScenario" time="77.737"/>
  <testcase classname="testrunner.TestRunner" name="runScenario" time="130.457"/>
  <testcase classname="testrunner.TestRunner" name="runScenario" time="93.091"/>
  <testcase classname="testrunner.TestRunner" name="runScenario" time="96.040"/>
  <testcase classname="testrunner.TestRunner" name="runScenario" time="79.979"/>
  <testcase classname="testrunner.TestRunner" name="runScenario" time="71.218"/>
  <testcase classname="testrunner.TestRunner" name="runScenario" time="81.955"/>
  <testcase classname="testrunner.TestRunner" name="runScenario" time="52.140"/>
  <testcase classname="testrunner.TestRunner" name="runScenario" time="96.483"/>
  <testcase classname="testrunner.TestRunner" name="runScenario" time="96.368"/>
  <testcase classname="testrunner.TestRunner" name="runScenario" time="62.714"/>
</testsuite> <!-- testrunner.TestRunner -->
