<?xml version="1.0" encoding="UTF-8"?>
<!-- Generated by org.testng.reporters.JUnitReportReporter -->
<testsuite hostname="Dheenathayalans-MacBook-Air.local" failures="0" tests="53" name="testrunner.TestRunner" time="1759.670" errors="0" timestamp="2024-08-21T20:23:11 IST" skipped="0">
  <testcase classname="testrunner.TestRunner" name="runScenario" time="34.741"/>
  <testcase classname="testrunner.TestRunner" name="runScenario" time="19.560"/>
  <testcase classname="testrunner.TestRunner" name="runScenario" time="52.109"/>
  <testcase classname="testrunner.TestRunner" name="runScenario" time="30.302"/>
  <testcase classname="testrunner.TestRunner" name="runScenario" time="34.186"/>
  <testcase classname="testrunner.TestRunner" name="runScenario" time="52.991"/>
  <testcase classname="testrunner.TestRunner" name="runScenario" time="38.395"/>
  <testcase classname="testrunner.TestRunner" name="runScenario" time="26.874"/>
  <testcase classname="testrunner.TestRunner" name="runScenario" time="27.378"/>
  <testcase classname="testrunner.TestRunner" name="runScenario" time="22.912"/>
  <testcase classname="testrunner.TestRunner" name="runScenario" time="34.724"/>
  <testcase classname="testrunner.TestRunner" name="runScenario" time="30.752"/>
  <testcase classname="testrunner.TestRunner" name="runScenario" time="29.823"/>
  <testcase classname="testrunner.TestRunner" name="runScenario" time="30.382"/>
  <testcase classname="testrunner.TestRunner" name="runScenario" time="46.202"/>
  <testcase classname="testrunner.TestRunner" name="runScenario" time="21.608"/>
  <testcase classname="testrunner.TestRunner" name="runScenario" time="21.793"/>
  <testcase classname="testrunner.TestRunner" name="runScenario" time="26.937"/>
  <testcase classname="testrunner.TestRunner" name="runScenario" time="29.876"/>
  <testcase classname="testrunner.TestRunner" name="runScenario" time="26.943"/>
  <testcase classname="testrunner.TestRunner" name="runScenario" time="24.255"/>
  <testcase classname="testrunner.TestRunner" name="runScenario" time="26.983"/>
  <testcase classname="testrunner.TestRunner" name="runScenario" time="24.363"/>
  <testcase classname="testrunner.TestRunner" name="runScenario" time="24.416"/>
  <testcase classname="testrunner.TestRunner" name="runScenario" time="33.116"/>
  <testcase classname="testrunner.TestRunner" name="runScenario" time="44.932"/>
  <testcase classname="testrunner.TestRunner" name="runScenario" time="36.740"/>
  <testcase classname="testrunner.TestRunner" name="runScenario" time="34.589"/>
  <testcase classname="testrunner.TestRunner" name="runScenario" time="54.531"/>
  <testcase classname="testrunner.TestRunner" name="runScenario" time="31.403"/>
  <testcase classname="testrunner.TestRunner" name="runScenario" time="37.230"/>
  <testcase classname="testrunner.TestRunner" name="runScenario" time="35.141"/>
  <testcase classname="testrunner.TestRunner" name="runScenario" time="36.539"/>
  <testcase classname="testrunner.TestRunner" name="runScenario" time="34.614"/>
  <testcase classname="testrunner.TestRunner" name="runScenario" time="36.394"/>
  <testcase classname="testrunner.TestRunner" name="runScenario" time="31.694"/>
  <testcase classname="testrunner.TestRunner" name="runScenario" time="25.407"/>
  <testcase classname="testrunner.TestRunner" name="runScenario" time="36.818"/>
  <testcase classname="testrunner.TestRunner" name="runScenario" time="51.165"/>
  <testcase classname="testrunner.TestRunner" name="runScenario" time="41.584"/>
  <testcase classname="testrunner.TestRunner" name="runScenario" time="36.190"/>
  <testcase classname="testrunner.TestRunner" name="runScenario" time="28.160"/>
  <testcase classname="testrunner.TestRunner" name="runScenario" time="22.783"/>
  <testcase classname="testrunner.TestRunner" name="runScenario" time="58.078"/>
  <testcase classname="testrunner.TestRunner" name="runScenario" time="33.688"/>
  <testcase classname="testrunner.TestRunner" name="runScenario" time="39.893"/>
  <testcase classname="testrunner.TestRunner" name="runScenario" time="44.575"/>
  <testcase classname="testrunner.TestRunner" name="runScenario" time="26.263"/>
  <testcase classname="testrunner.TestRunner" name="runScenario" time="27.348"/>
  <testcase classname="testrunner.TestRunner" name="runScenario" time="20.296"/>
  <testcase classname="testrunner.TestRunner" name="runScenario" time="25.395"/>
  <testcase classname="testrunner.TestRunner" name="runScenario" time="19.578"/>
  <testcase classname="testrunner.TestRunner" name="runScenario" time="37.021"/>
</testsuite> <!-- testrunner.TestRunner -->
