<?xml version="1.0" encoding="UTF-8"?>
<!-- Generated by org.testng.reporters.JUnitReportReporter -->
<testsuite hostname="DheenatalansAir.fios-router.home" failures="0" tests="1" name="testrunner.TestRunner" time="0.113" errors="0" timestamp="2024-07-26T11:46:20 EDT" skipped="0">
  <testcase classname="testrunner.TestRunner" name="runScenario" time="0.113"/>
</testsuite> <!-- testrunner.TestRunner -->
