<?xml version="1.0" encoding="UTF-8"?>
<!-- Generated by org.testng.reporters.JUnitReportReporter -->
<testsuite hostname="Dheenathayalans-MacBook-Air.local" failures="0" tests="1" name="seleniumSquad.cucumberdsAlgo.draftTest" time="0.007" errors="0" timestamp="2024-07-25T12:39:09 EDT" skipped="0">
  <testcase classname="seleniumSquad.cucumberdsAlgo.draftTest" name="testSample" time="0.007"/>
</testsuite> <!-- seleniumSquad.cucumberdsAlgo.draftTest -->
