<?xml version="1.0" encoding="UTF-8"?>
<!-- Generated by org.testng.reporters.JUnitReportReporter -->
<testsuite hostname="Anusuyas-MBP.lan" failures="0" tests="1" name="testrunner.TestRunner" time="0.032" errors="0" timestamp="2024-07-26T10:43:05 CDT" skipped="0">
  <testcase classname="testrunner.TestRunner" name="runScenario" time="0.032"/>
</testsuite> <!-- testrunner.TestRunner -->
