<?xml version="1.0" encoding="UTF-8"?>
<!-- Generated by org.testng.reporters.JUnitReportReporter -->
<testsuite hostname="Dheenathayalans-MacBook-Air.local" failures="0" tests="1" name="testrunner.TestRunner" time="0.116" errors="0" timestamp="2024-07-25T12:50:12 EDT" skipped="0">
  <testcase classname="testrunner.TestRunner" name="runScenario" time="0.116"/>
</testsuite> <!-- testrunner.TestRunner -->
